<?xml version="1.0" encoding="utf-8"?><testsuites name="pytest tests"><testsuite name="pytest" errors="0" failures="0" skipped="0" tests="14" time="38.820" timestamp="2026-07-09T18:04:41.859322+00:00" hostname="agent-env-0e0865d7-a700-4c4b-a562-6128c2012365"><testcase classname="tests.test_sar" name="test_import_sin_forzar_con_diferencias" time="2.812" /><testcase classname="tests.test_sar" name="test_import_forzar_true" time="2.636" /><testcase classname="tests.test_sar" name="test_import_idempotent" time="5.176" /><testcase classname="tests.test_sar" name="test_import_omitido_no_sheets" time="0.138" /><testcase classname="tests.test_sar" name="test_get_semanas" time="0.103" /><testcase classname="tests.test_sar" name="test_registros_fields" time="0.111" /><testcase classname="tests.test_sar" name="test_dashboard" time="0.108" /><testcase classname="tests.test_sar" name="test_comparativo" time="0.107" /><testcase classname="tests.test_sar" name="test_imports_log" time="0.108" /><testcase classname="tests.test_sar" name="test_reporte_semanal_excel" time="7.645" /><testcase classname="tests.test_sar" name="test_reporte_mensual" time="7.840" /><testcase classname="tests.test_sar" name="test_reporte_anual" time="7.869" /><testcase classname="tests.test_sar" name="test_reporte_semanal_404" time="0.185" /><testcase classname="tests.test_sar" name="test_delete_registros" time="2.926" /></testsuite></testsuites>