<?xml version="1.0" encoding="utf-8"?><testsuites name="pytest tests"><testsuite name="pytest" errors="0" failures="0" skipped="0" tests="16" time="48.989" timestamp="2026-07-09T19:28:52.298565+00:00" hostname="agent-env-0e0865d7-a700-4c4b-a562-6128c2012365"><testcase classname="tests.test_sar" name="test_import_sin_forzar_con_diferencias" time="2.857" /><testcase classname="tests.test_sar" name="test_import_forzar_true" time="2.480" /><testcase classname="tests.test_sar" name="test_import_idempotent" time="5.095" /><testcase classname="tests.test_sar" name="test_import_omitido_no_sheets" time="0.140" /><testcase classname="tests.test_sar" name="test_get_semanas" time="0.104" /><testcase classname="tests.test_sar" name="test_registros_fields" time="0.209" /><testcase classname="tests.test_sar" name="test_dashboard" time="0.110" /><testcase classname="tests.test_sar" name="test_comparativo" time="0.114" /><testcase classname="tests.test_sar" name="test_imports_log" time="0.111" /><testcase classname="tests.test_sar" name="test_reporte_semanal_excel" time="7.711" /><testcase classname="tests.test_sar" name="test_registros_detalle_full" time="2.586" /><testcase classname="tests.test_sar" name="test_reporte_semanal_semana_sheet" time="7.775" /><testcase classname="tests.test_sar" name="test_reporte_mensual" time="7.808" /><testcase classname="tests.test_sar" name="test_reporte_anual" time="7.784" /><testcase classname="tests.test_sar" name="test_reporte_semanal_404" time="0.163" /><testcase classname="tests.test_sar" name="test_delete_registros" time="2.837" /></testsuite></testsuites>